<?xml version="1.0" encoding="UTF-8"?>
<!-- Generated by org.testng.reporters.JUnitReportReporter -->
<testsuite hostname="Adeyinka-Turms" failures="0" tests="2" name="billexploratory" time="43.245" errors="0" timestamp="2024-12-29T14:32:42 CET" skipped="0">
  <testcase classname="billexploratory" name="Direct_From_Cart" time="23.189"/>
  <system-out/>
  <testcase classname="billexploratory" name="Billexp" time="20.056"/>
  <system-out/>
</testsuite> <!-- billexploratory -->
